<?xml version="1.0" encoding="UTF-8"?>
<!-- Generated by org.testng.reporters.JUnitReportReporter -->
<testsuite skipped="0" hostname="L-P-MOSHEBN-WW" name="sanity.SaucedemoWeb" tests="4" failures="0" timestamp="2022-11-27T16:40:37 IST" time="7.746" errors="0">
  <testcase name="test01" time="1.752" classname="sanity.SaucedemoWeb"/>
  <testcase name="test03" time="1.884" classname="sanity.SaucedemoWeb"/>
  <testcase name="test02" time="1.505" classname="sanity.SaucedemoWeb"/>
  <testcase name="test04" time="2.605" classname="sanity.SaucedemoWeb"/>
</testsuite> <!-- sanity.SaucedemoWeb -->
