<?xml version="1.0" encoding="UTF-8"?>
<!-- Generated by org.testng.reporters.JUnitReportReporter -->
<testsuite skipped="0" hostname="L-P-MOSHEBN-WW" name="sanity.SaucedemoWeb" tests="4" failures="0" timestamp="2022-11-28T09:06:19 IST" time="7.111" errors="0">
  <testcase name="test02" time="0.968" classname="sanity.SaucedemoWeb"/>
  <testcase name="test03" time="1.916" classname="sanity.SaucedemoWeb"/>
  <testcase name="test04" time="2.122" classname="sanity.SaucedemoWeb"/>
  <testcase name="test01" time="2.105" classname="sanity.SaucedemoWeb"/>
</testsuite> <!-- sanity.SaucedemoWeb -->
