<?xml version="1.0" encoding="UTF-8"?>
<!-- Generated by org.testng.reporters.JUnitReportReporter -->
<testsuite skipped="0" hostname="L-P-MOSHEBN-WW" name="sanity.SaucedemoWeb" tests="4" failures="0" timestamp="2022-11-23T14:21:02 IST" time="8.178" errors="0">
  <testcase name="test03" time="1.272" classname="sanity.SaucedemoWeb"/>
  <testcase name="test02" time="1.835" classname="sanity.SaucedemoWeb"/>
  <testcase name="test04" time="2.601" classname="sanity.SaucedemoWeb"/>
  <testcase name="test01" time="2.470" classname="sanity.SaucedemoWeb"/>
</testsuite> <!-- sanity.SaucedemoWeb -->
