<?xml version="1.0" encoding="UTF-8"?>
<!-- Generated by org.testng.reporters.JUnitReportReporter -->
<testsuite skipped="0" hostname="L-P-MOSHEBN-WW" name="sanity.SaucedemoWeb" tests="8" failures="0" timestamp="2023-02-08T16:47:09 IST" time="85.544" errors="0">
  <testcase name="test03" time="2.199" classname="sanity.SaucedemoWeb"/>
  <testcase name="test02" time="16.120" classname="sanity.SaucedemoWeb"/>
  <testcase name="test02" time="1.192" classname="sanity.SaucedemoWeb"/>
  <testcase name="test02" time="15.901" classname="sanity.SaucedemoWeb"/>
  <testcase name="test01" time="2.039" classname="sanity.SaucedemoWeb"/>
  <testcase name="test04" time="16.302" classname="sanity.SaucedemoWeb"/>
  <testcase name="test02" time="15.953" classname="sanity.SaucedemoWeb"/>
  <testcase name="test02" time="15.838" classname="sanity.SaucedemoWeb"/>
</testsuite> <!-- sanity.SaucedemoWeb -->
